# JRE version: Java(TM) SE Runtime Environment (8.0_144-b01) (build 1.8.0_144-b01)
# Java VM: Java HotSpot(TM) Client VM (25.144-b01 mixed mode windows-x86 )
Heap:
 def new generation   total 67072K, used 46097K [0x04800000, 0x090c0000, 0x0f2a0000)
  eden space 59648K,  75% used [0x04800000, 0x0741fa28, 0x08240000)
  from space 7424K,  12% used [0x08240000, 0x08324b00, 0x08980000)
  to   space 7424K,   0% used [0x08980000, 0x08980000, 0x090c0000)
 tenured generation   total 148824K, used 94196K [0x0f2a0000, 0x183f6000, 0x24800000)
   the space 148824K,  63% used [0x0f2a0000, 0x14e9d308, 0x14e9d400, 0x183f6000)
 Metaspace       used 19114K, capacity 19669K, committed 19712K, reserved 19840K
GC Heap History (10 events):
Event: 188325.814 GC heap before
{Heap before GC invocations=25 (full 2):
 def new generation   total 67072K, used 60516K [0x04800000, 0x090c0000, 0x0f2a0000)
  eden space 59648K, 100% used [0x04800000, 0x08240000, 0x08240000)
  from space 7424K,  11% used [0x08980000, 0x08a59340, 0x090c0000)
  to   space 7424K,   0% used [0x08240000, 0x08240000, 0x08980000)
 tenured generation   total 148824K, used 94196K [0x0f2a0000, 0x183f6000, 0x24800000)
   the space 148824K,  63% used [0x0f2a0000, 0x14e9d308, 0x14e9d400, 0x183f6000)
 Metaspace       used 19108K, capacity 19667K, committed 19712K, reserved 19840K
Event: 188325.820 GC heap after
Heap after GC invocations=26 (full 2):
 def new generation   total 67072K, used 865K [0x04800000, 0x090c0000, 0x0f2a0000)
  eden space 59648K,   0% used [0x04800000, 0x04800000, 0x08240000)
  from space 7424K,  11% used [0x08240000, 0x083186a8, 0x08980000)
  to   space 7424K,   0% used [0x08980000, 0x08980000, 0x090c0000)
 tenured generation   total 148824K, used 94196K [0x0f2a0000, 0x183f6000, 0x24800000)
   the space 148824K,  63% used [0x0f2a0000, 0x14e9d308, 0x14e9d400, 0x183f6000)
 Metaspace       used 19108K, capacity 19667K, committed 19712K, reserved 19840K
}
Event: 208988.210 GC heap before
{Heap before GC invocations=26 (full 2):
 def new generation   total 67072K, used 60513K [0x04800000, 0x090c0000, 0x0f2a0000)
  eden space 59648K, 100% used [0x04800000, 0x08240000, 0x08240000)
  from space 7424K,  11% used [0x08240000, 0x083186a8, 0x08980000)
  to   space 7424K,   0% used [0x08980000, 0x08980000, 0x090c0000)
 tenured generation   total 148824K, used 94196K [0x0f2a0000, 0x183f6000, 0x24800000)
   the space 148824K,  63% used [0x0f2a0000, 0x14e9d308, 0x14e9d400, 0x183f6000)
 Metaspace       used 19108K, capacity 19667K, committed 19712K, reserved 19840K
Event: 208988.215 GC heap after
Heap after GC invocations=27 (full 2):
 def new generation   total 67072K, used 876K [0x04800000, 0x090c0000, 0x0f2a0000)
  eden space 59648K,   0% used [0x04800000, 0x04800000, 0x08240000)
  from space 7424K,  11% used [0x08980000, 0x08a5b0e0, 0x090c0000)
  to   space 7424K,   0% used [0x08240000, 0x08240000, 0x08980000)
 tenured generation   total 148824K, used 94196K [0x0f2a0000, 0x183f6000, 0x24800000)
   the space 148824K,  63% used [0x0f2a0000, 0x14e9d308, 0x14e9d400, 0x183f6000)
 Metaspace       used 19108K, capacity 19667K, committed 19712K, reserved 19840K
}
Event: 232231.088 GC heap before
{Heap before GC invocations=27 (full 2):
 def new generation   total 67072K, used 60524K [0x04800000, 0x090c0000, 0x0f2a0000)
  eden space 59648K, 100% used [0x04800000, 0x08240000, 0x08240000)
  from space 7424K,  11% used [0x08980000, 0x08a5b0e0, 0x090c0000)
  to   space 7424K,   0% used [0x08240000, 0x08240000, 0x08980000)
 tenured generation   total 148824K, used 94196K [0x0f2a0000, 0x183f6000, 0x24800000)
   the space 148824K,  63% used [0x0f2a0000, 0x14e9d308, 0x14e9d400, 0x183f6000)
 Metaspace       used 19108K, capacity 19667K, committed 19712K, reserved 19840K
Event: 232231.093 GC heap after
Heap after GC invocations=28 (full 2):
 def new generation   total 67072K, used 880K [0x04800000, 0x090c0000, 0x0f2a0000)
  eden space 59648K,   0% used [0x04800000, 0x04800000, 0x08240000)
  from space 7424K,  11% used [0x08240000, 0x0831c058, 0x08980000)
  to   space 7424K,   0% used [0x08980000, 0x08980000, 0x090c0000)
 tenured generation   total 148824K, used 94196K [0x0f2a0000, 0x183f6000, 0x24800000)
   the space 148824K,  63% used [0x0f2a0000, 0x14e9d308, 0x14e9d400, 0x183f6000)
 Metaspace       used 19108K, capacity 19667K, committed 19712K, reserved 19840K
}
Event: 252358.822 GC heap before
{Heap before GC invocations=28 (full 2):
 def new generation   total 67072K, used 60528K [0x04800000, 0x090c0000, 0x0f2a0000)
  eden space 59648K, 100% used [0x04800000, 0x08240000, 0x08240000)
  from space 7424K,  11% used [0x08240000, 0x0831c058, 0x08980000)
  to   space 7424K,   0% used [0x08980000, 0x08980000, 0x090c0000)
 tenured generation   total 148824K, used 94196K [0x0f2a0000, 0x183f6000, 0x24800000)
   the space 148824K,  63% used [0x0f2a0000, 0x14e9d308, 0x14e9d400, 0x183f6000)
 Metaspace       used 19109K, capacity 19667K, committed 19712K, reserved 19840K
Event: 252358.827 GC heap after
Heap after GC invocations=29 (full 2):
 def new generation   total 67072K, used 888K [0x04800000, 0x090c0000, 0x0f2a0000)
  eden space 59648K,   0% used [0x04800000, 0x04800000, 0x08240000)
  from space 7424K,  11% used [0x08980000, 0x08a5e070, 0x090c0000)
  to   space 7424K,   0% used [0x08240000, 0x08240000, 0x08980000)
 tenured generation   total 148824K, used 94196K [0x0f2a0000, 0x183f6000, 0x24800000)
   the space 148824K,  63% used [0x0f2a0000, 0x14e9d308, 0x14e9d400, 0x183f6000)
 Metaspace       used 19109K, capacity 19667K, committed 19712K, reserved 19840K
}
Event: 264877.162 GC heap before
{Heap before GC invocations=29 (full 2):
 def new generation   total 67072K, used 50109K [0x04800000, 0x090c0000, 0x0f2a0000)
  eden space 59648K,  82% used [0x04800000, 0x07811418, 0x08240000)
  from space 7424K,  11% used [0x08980000, 0x08a5e070, 0x090c0000)
  to   space 7424K,   0% used [0x08240000, 0x08240000, 0x08980000)
 tenured generation   total 148824K, used 94196K [0x0f2a0000, 0x183f6000, 0x24800000)
   the space 148824K,  63% used [0x0f2a0000, 0x14e9d308, 0x14e9d400, 0x183f6000)
 Metaspace       used 19113K, capacity 19669K, committed 19712K, reserved 19840K
Event: 264877.167 GC heap after
Heap after GC invocations=30 (full 2):
 def new generation   total 67072K, used 914K [0x04800000, 0x090c0000, 0x0f2a0000)
  eden space 59648K,   0% used [0x04800000, 0x04800000, 0x08240000)
  from space 7424K,  12% used [0x08240000, 0x08324b00, 0x08980000)
  to   space 7424K,   0% used [0x08980000, 0x08980000, 0x090c0000)
 tenured generation   total 148824K, used 94196K [0x0f2a0000, 0x183f6000, 0x24800000)
   the space 148824K,  63% used [0x0f2a0000, 0x14e9d308, 0x14e9d400, 0x183f6000)
 Metaspace       used 19113K, capacity 19669K, committed 19712K, reserved 19840K
}

